<?xml version="1.0" encoding="UTF-8"?>
<!-- Generated by org.testng.reporters.JUnitXMLReporter -->
<testsuite hostname="Vinod" ignored="0" name="Test" tests="3" failures="0" timestamp="30 Sep 2018 15:39:49 GMT" time="0.078" errors="0">
  <testcase name="testAnnualSal" time="0.016" classname="unitTests.Test1"/>
  <testcase name="testAppraisalLessThanTen" time="0.0" classname="unitTests.Test2"/>
  <testcase name="testAppraisalMoreThanTen" time="0.015" classname="unitTests.Test2"/>
</testsuite> <!-- Test -->
